<?xml version="1.0" encoding="UTF-8"?>
<!-- Generated by org.testng.reporters.JUnitReportReporter -->
<testsuite hostname="LAPTOP-06GFGGBP" failures="0" tests="2" name="Tiara.TiaraE2ETest" time="8.641" errors="0" timestamp="2025-02-25T21:21:28 IST" skipped="0">
  <testcase classname="Tiara.TiaraE2ETest" name="emailErrorValidation" time="3.156"/>
  <testcase classname="Tiara.TiaraE2ETest" name="customerRegistration" time="5.485"/>
</testsuite> <!-- Tiara.TiaraE2ETest -->
