<?xml version="1.0" encoding="UTF-8"?>
<!-- Generated by org.testng.reporters.JUnitReportReporter -->
<testsuite hostname="LAPTOP-06GFGGBP" failures="0" tests="1" name="Tiara.loginthruGmail" time="6.654" errors="0" timestamp="2025-02-25T21:21:28 IST" skipped="0">
  <testcase classname="Tiara.loginthruGmail" name="gmailLogin" time="6.654"/>
</testsuite> <!-- Tiara.loginthruGmail -->
