<?xml version="1.0" encoding="UTF-8"?>
<!-- Generated by org.testng.reporters.JUnitReportReporter -->
<testsuite hostname="LAPTOP-06GFGGBP" failures="0" tests="2" name="Tiara.TiaraE2ETest" time="8.916" errors="0" timestamp="2025-02-12T20:42:48 IST" skipped="0">
  <testcase classname="Tiara.TiaraE2ETest" name="customerRegistration" time="5.138"/>
  <testcase classname="Tiara.TiaraE2ETest" name="emailErrorValidation" time="3.778"/>
</testsuite> <!-- Tiara.TiaraE2ETest -->
